2013-06-05 01:53:40 Error: [MissingControllerException] Controller class UserController could not be found.
Exception Attributes: array (
  'class' => 'UserController',
  'plugin' => NULL,
)
Request URL: /cakephp235/User
Stack Trace:
#0 D:\xampp\htdocs\cakephp235\app\webroot\index.php(109): Dispatcher->dispatch(Object(CakeRequest), Object(CakeResponse))
#1 {main}
2013-06-05 01:54:05 Error: [MissingControllerException] Controller class UsergroupsController could not be found.
Exception Attributes: array (
  'class' => 'UsergroupsController',
  'plugin' => NULL,
)
Request URL: /cakephp235/usergroups
Stack Trace:
#0 D:\xampp\htdocs\cakephp235\app\webroot\index.php(109): Dispatcher->dispatch(Object(CakeRequest), Object(CakeResponse))
#1 {main}
2013-06-05 01:54:11 Error: [MissingControllerException] Controller class UsergroupsController could not be found.
Exception Attributes: array (
  'class' => 'UsergroupsController',
  'plugin' => NULL,
)
Request URL: /cakephp235/usergroups/add
Stack Trace:
#0 D:\xampp\htdocs\cakephp235\app\webroot\index.php(109): Dispatcher->dispatch(Object(CakeRequest), Object(CakeResponse))
#1 {main}
